# JRE version: Java(TM) SE Runtime Environment (23.0.1+11) (build 23.0.1+11-39)
# Java VM: Java HotSpot(TM) 64-Bit Server VM (23.0.1+11-39, mixed mode, sharing, tiered, compressed oops, compressed class ptrs, g1 gc, windows-amd64)
GC Precious Log:
 CardTable entry size: 512
 Card Set container configuration: InlinePtr #cards 5 size 8 Array Of Cards #cards 10 size 36 Howl #buckets 4 coarsen threshold 1843 Howl Bitmap #cards 512 size 80 coarsen threshold 460 Card regions per heap region 1 cards per card region 2048
 CPUs: 8 total, 8 available
 Memory: 7413M
 Large Page Support: Disabled
 NUMA Support: Disabled
 Compressed Oops: Enabled (32-bit)
 Heap Region Size: 1M
 Heap Min Capacity: 8M
 Heap Initial Capacity: 116M
 Heap Max Capacity: 1854M
 Pre-touch: Disabled
 Parallel Workers: 8
 Concurrent Workers: 2
 Concurrent Refinement Workers: 8
 Periodic GC: Disabled
Heap:
 garbage-first heap   total reserved 1898496K, committed 40960K, used 27996K [0x000000008c200000, 0x0000000100000000)
  region size 1024K, 8 young (8192K), 2 survivors (2048K)
 Metaspace       used 44906K, committed 45376K, reserved 1114112K
  class space    used 5877K, committed 6080K, reserved 1048576K
GC Heap History (20 events):
Event: 1.436 GC heap before
{Heap before GC invocations=0 (full 0):
 garbage-first heap   total reserved 1898496K, committed 118784K, used 23552K [0x000000008c200000, 0x0000000100000000)
  region size 1024K, 24 young (24576K), 0 survivors (0K)
 Metaspace       used 7404K, committed 7680K, reserved 1114112K
  class space    used 893K, committed 1024K, reserved 1048576K
}
Event: 1.445 GC heap after
{Heap after GC invocations=1 (full 0):
 garbage-first heap   total reserved 1898496K, committed 118784K, used 5824K [0x000000008c200000, 0x0000000100000000)
  region size 1024K, 3 young (3072K), 3 survivors (3072K)
 Metaspace       used 7404K, committed 7680K, reserved 1114112K
  class space    used 893K, committed 1024K, reserved 1048576K
}
Event: 1.916 GC heap before
{Heap before GC invocations=1 (full 0):
 garbage-first heap   total reserved 1898496K, committed 118784K, used 26304K [0x000000008c200000, 0x0000000100000000)
  region size 1024K, 24 young (24576K), 3 survivors (3072K)
 Metaspace       used 14619K, committed 14784K, reserved 1114112K
  class space    used 1776K, committed 1856K, reserved 1048576K
}
Event: 1.921 GC heap after
{Heap after GC invocations=2 (full 0):
 garbage-first heap   total reserved 1898496K, committed 118784K, used 7808K [0x000000008c200000, 0x0000000100000000)
  region size 1024K, 2 young (2048K), 2 survivors (2048K)
 Metaspace       used 14619K, committed 14784K, reserved 1114112K
  class space    used 1776K, committed 1856K, reserved 1048576K
}
Event: 3.171 GC heap before
{Heap before GC invocations=2 (full 0):
 garbage-first heap   total reserved 1898496K, committed 118784K, used 47744K [0x000000008c200000, 0x0000000100000000)
  region size 1024K, 42 young (43008K), 2 survivors (2048K)
 Metaspace       used 21260K, committed 21504K, reserved 1114112K
  class space    used 2633K, committed 2752K, reserved 1048576K
}
Event: 3.180 GC heap after
{Heap after GC invocations=3 (full 0):
 garbage-first heap   total reserved 1898496K, committed 118784K, used 10596K [0x000000008c200000, 0x0000000100000000)
  region size 1024K, 5 young (5120K), 5 survivors (5120K)
 Metaspace       used 21260K, committed 21504K, reserved 1114112K
  class space    used 2633K, committed 2752K, reserved 1048576K
}
Event: 3.855 GC heap before
{Heap before GC invocations=4 (full 0):
 garbage-first heap   total reserved 1898496K, committed 40960K, used 30052K [0x000000008c200000, 0x0000000100000000)
  region size 1024K, 24 young (24576K), 5 survivors (5120K)
 Metaspace       used 26137K, committed 26496K, reserved 1114112K
  class space    used 3305K, committed 3456K, reserved 1048576K
}
Event: 3.865 GC heap after
{Heap after GC invocations=5 (full 0):
 garbage-first heap   total reserved 1898496K, committed 40960K, used 12683K [0x000000008c200000, 0x0000000100000000)
  region size 1024K, 3 young (3072K), 3 survivors (3072K)
 Metaspace       used 26137K, committed 26496K, reserved 1114112K
  class space    used 3305K, committed 3456K, reserved 1048576K
}
Event: 4.542 GC heap before
{Heap before GC invocations=5 (full 0):
 garbage-first heap   total reserved 1898496K, committed 40960K, used 30091K [0x000000008c200000, 0x0000000100000000)
  region size 1024K, 20 young (20480K), 3 survivors (3072K)
 Metaspace       used 30688K, committed 30976K, reserved 1114112K
  class space    used 3921K, committed 4032K, reserved 1048576K
}
Event: 4.547 GC heap after
{Heap after GC invocations=6 (full 0):
 garbage-first heap   total reserved 1898496K, committed 40960K, used 14861K [0x000000008c200000, 0x0000000100000000)
  region size 1024K, 3 young (3072K), 3 survivors (3072K)
 Metaspace       used 30688K, committed 30976K, reserved 1114112K
  class space    used 3921K, committed 4032K, reserved 1048576K
}
Event: 5.027 GC heap before
{Heap before GC invocations=6 (full 0):
 garbage-first heap   total reserved 1898496K, committed 40960K, used 29197K [0x000000008c200000, 0x0000000100000000)
  region size 1024K, 18 young (18432K), 3 survivors (3072K)
 Metaspace       used 34660K, committed 35008K, reserved 1114112K
  class space    used 4472K, committed 4608K, reserved 1048576K
}
Event: 5.031 GC heap after
{Heap after GC invocations=7 (full 0):
 garbage-first heap   total reserved 1898496K, committed 40960K, used 16979K [0x000000008c200000, 0x0000000100000000)
  region size 1024K, 3 young (3072K), 3 survivors (3072K)
 Metaspace       used 34660K, committed 35008K, reserved 1114112K
  class space    used 4472K, committed 4608K, reserved 1048576K
}
Event: 5.213 GC heap before
{Heap before GC invocations=7 (full 0):
 garbage-first heap   total reserved 1898496K, committed 40960K, used 21075K [0x000000008c200000, 0x0000000100000000)
  region size 1024K, 9 young (9216K), 3 survivors (3072K)
 Metaspace       used 35636K, committed 35968K, reserved 1114112K
  class space    used 4570K, committed 4736K, reserved 1048576K
}
Event: 5.216 GC heap after
{Heap after GC invocations=8 (full 0):
 garbage-first heap   total reserved 1898496K, committed 40960K, used 17696K [0x000000008c200000, 0x0000000100000000)
  region size 1024K, 1 young (1024K), 1 survivors (1024K)
 Metaspace       used 35636K, committed 35968K, reserved 1114112K
  class space    used 4570K, committed 4736K, reserved 1048576K
}
Event: 6.644 GC heap before
{Heap before GC invocations=9 (full 0):
 garbage-first heap   total reserved 1898496K, committed 40960K, used 32032K [0x000000008c200000, 0x0000000100000000)
  region size 1024K, 16 young (16384K), 1 survivors (1024K)
 Metaspace       used 39943K, committed 40384K, reserved 1114112K
  class space    used 5166K, committed 5376K, reserved 1048576K
}
Event: 6.648 GC heap after
{Heap after GC invocations=10 (full 0):
 garbage-first heap   total reserved 1898496K, committed 40960K, used 19396K [0x000000008c200000, 0x0000000100000000)
  region size 1024K, 2 young (2048K), 2 survivors (2048K)
 Metaspace       used 39943K, committed 40384K, reserved 1114112K
  class space    used 5166K, committed 5376K, reserved 1048576K
}
Event: 7.011 GC heap before
{Heap before GC invocations=10 (full 0):
 garbage-first heap   total reserved 1898496K, committed 40960K, used 33732K [0x000000008c200000, 0x0000000100000000)
  region size 1024K, 16 young (16384K), 2 survivors (2048K)
 Metaspace       used 41812K, committed 42240K, reserved 1114112K
  class space    used 5428K, committed 5632K, reserved 1048576K
}
Event: 7.013 GC heap after
{Heap after GC invocations=11 (full 0):
 garbage-first heap   total reserved 1898496K, committed 40960K, used 21338K [0x000000008c200000, 0x0000000100000000)
  region size 1024K, 2 young (2048K), 2 survivors (2048K)
 Metaspace       used 41812K, committed 42240K, reserved 1114112K
  class space    used 5428K, committed 5632K, reserved 1048576K
}
Event: 7.401 GC heap before
{Heap before GC invocations=11 (full 0):
 garbage-first heap   total reserved 1898496K, committed 40960K, used 35674K [0x000000008c200000, 0x0000000100000000)
  region size 1024K, 16 young (16384K), 2 survivors (2048K)
 Metaspace       used 44285K, committed 44800K, reserved 1114112K
  class space    used 5792K, committed 6016K, reserved 1048576K
}
Event: 7.405 GC heap after
{Heap after GC invocations=12 (full 0):
 garbage-first heap   total reserved 1898496K, committed 40960K, used 22876K [0x000000008c200000, 0x0000000100000000)
  region size 1024K, 2 young (2048K), 2 survivors (2048K)
 Metaspace       used 44285K, committed 44800K, reserved 1114112K
  class space    used 5792K, committed 6016K, reserved 1048576K
}

